<?xml version="1.0" encoding="UTF-8"?>
<testsuite xmlns:xsi="http://www.w3.org/2001/XMLSchema-instance" xsi:noNamespaceSchemaLocation="https://maven.apache.org/surefire/maven-surefire-plugin/xsd/surefire-test-report-3.0.xsd" version="3.0" name="org.example.domain.DomainTest" time="0.061" tests="12" errors="0" skipped="0" failures="0">
  <properties>
[...]
</properties>
  <testcase name="approachIsIdempotentForLight" classname="org.example.domain.DomainTest" time="0.023">
    <system-out><![CDATA[ |B| light:on
 |b|  |B| light:on
 |b| ]]></system-out>
  </testcase>
  <testcase name="personMoveToUpdatesOccupantsLists" classname="org.example.domain.DomainTest" time="0.007">
    <system-out><![CDATA[Testy moved to reception
]]></system-out>
  </testcase>
  <testcase name="movingToSameLocationDoesNotDuplicateOccupant" classname="org.example.domain.DomainTest" time="0.001">
    <system-out><![CDATA[X moved to room
]]></system-out>
  </testcase>
  <testcase name="receptionContainsItemsAndDescription" classname="org.example.domain.DomainTest" time="0.001"/>
  <testcase name="lockedDoorPreventsPassageAndApproachTurnsLightOn" classname="org.example.domain.DomainTest" time="0.001">
    <system-out><![CDATA[ |B| light:on
 |b| ]]></system-out>
  </testcase>
  <testcase name="addSameItemDoesNotDuplicate" classname="org.example.domain.DomainTest" time="0.001"/>
  <testcase name="boardingRemovesFromOldLocation" classname="org.example.domain.DomainTest" time="0.002">
    <system-out><![CDATA[ |A| boarded Z
 |a| ]]></system-out>
  </testcase>
  <testcase name="doorOtherSideIsSymmetric" classname="org.example.domain.DomainTest" time="0.001"/>
  <testcase name="disembarkOnEmptyVehicleIsNoOp" classname="org.example.domain.DomainTest" time="0">
    <system-out><![CDATA[ |C|  |c| ]]></system-out>
  </testcase>
  <testcase name="moveToNullThrows" classname="org.example.domain.DomainTest" time="0"/>
  <testcase name="boardAndDisembarkMovesPassengersAndTurnsLightOn" classname="org.example.domain.DomainTest" time="0">
    <system-out><![CDATA[ |A| boarded Arthur
boarded OldMag
 |a|  |B| light:on
 |b|  |C| Arthur moved to reception
OldMag moved to reception
 |c| ]]></system-out>
  </testcase>
  <testcase name="repeatedBoardingDoesNotDuplicatePassengers" classname="org.example.domain.DomainTest" time="0">
    <system-out><![CDATA[ |A| boarded Solo
 |a|  |A|  |a| ]]></system-out>
  </testcase>
</testsuite>