<?xml version="1.0" encoding="UTF-8"?>
<testsuite xmlns:xsi="http://www.w3.org/2001/XMLSchema-instance" xsi:noNamespaceSchemaLocation="https://maven.apache.org/surefire/maven-surefire-plugin/xsd/surefire-test-report-3.0.xsd" version="3.0" name="org.example.heap.FibonacciTest" time="0.148" tests="24" errors="0" skipped="0" failures="0">
  <properties>
[...]
</properties>
  <testcase name="testMergeTwoEmpty" classname="org.example.heap.FibonacciTest" time="0.017"/>
  <testcase name="testDecreaseKeyNewMin" classname="org.example.heap.FibonacciTest" time="0.003"/>
  <testcase name="testInsertDuplicateMin" classname="org.example.heap.FibonacciTest" time="0.001"/>
  <testcase name="testDecreaseKeyToZero" classname="org.example.heap.FibonacciTest" time="0.001"/>
  <testcase name="testInsertIntoEmpty" classname="org.example.heap.FibonacciTest" time="0.001"/>
  <testcase name="testDecreaseKeyCascade" classname="org.example.heap.FibonacciTest" time="0.001"/>
  <testcase name="testShuffledInsert" classname="org.example.heap.FibonacciTest" time="0.001"/>
  <testcase name="testRemoveFromRootListSingle" classname="org.example.heap.FibonacciTest" time="0"/>
  <testcase name="testDeleteElement" classname="org.example.heap.FibonacciTest" time="0"/>
  <testcase name="testInsertMultipleElements" classname="org.example.heap.FibonacciTest" time="0"/>
  <testcase name="testRemoveMinEmpty" classname="org.example.heap.FibonacciTest" time="0.001"/>
  <testcase name="testMergeNonEmptyHeaps" classname="org.example.heap.FibonacciTest" time="0.001"/>
  <testcase name="testMinOnEmptyHeap" classname="org.example.heap.FibonacciTest" time="0.001"/>
  <testcase name="testRemoveFromRootListMultiple" classname="org.example.heap.FibonacciTest" time="0"/>
  <testcase name="testDecreaseKeyIllegal" classname="org.example.heap.FibonacciTest" time="0.003"/>
  <testcase name="stressInsert" classname="org.example.heap.FibonacciTest" time="0.005"/>
  <testcase name="testDecreaseKeyNoMinChange" classname="org.example.heap.FibonacciTest" time="0.001"/>
  <testcase name="testReversedInsert" classname="org.example.heap.FibonacciTest" time="0"/>
  <testcase name="stressDecreaseKey" classname="org.example.heap.FibonacciTest" time="0.006"/>
  <testcase name="stressRemoveMin" classname="org.example.heap.FibonacciTest" time="0.083"/>
  <testcase name="testMergeWithEmpty" classname="org.example.heap.FibonacciTest" time="0"/>
  <testcase name="testRemoveMinMultiple" classname="org.example.heap.FibonacciTest" time="0"/>
  <testcase name="testInsertZeroValue" classname="org.example.heap.FibonacciTest" time="0"/>
  <testcase name="testRemoveMinSingle" classname="org.example.heap.FibonacciTest" time="0"/>
</testsuite>